[2026-02-02T15:20:44.466Z] GLOBAL ERROR: SyntaxError: Expected property name or '}' in JSON at position 1 (line 1 column 2)
    at JSON.parse (<anonymous>)
    at parse (D:\Enosh\smf\server\node_modules\body-parser\lib\types\json.js:74:19)
    at D:\Enosh\smf\server\node_modules\body-parser\lib\read.js:163:18
    at AsyncResource.runInAsyncScope (node:async_hooks:214:14)
    at invokeCallback (D:\Enosh\smf\server\node_modules\raw-body\index.js:238:16)
    at done (D:\Enosh\smf\server\node_modules\raw-body\index.js:227:7)
    at IncomingMessage.onEnd (D:\Enosh\smf\server\node_modules\raw-body\index.js:287:7)
    at IncomingMessage.emit (node:events:508:28)
    at endReadableNT (node:internal/streams/readable:1701:12)
    at process.processTicksAndRejections (node:internal/process/task_queues:89:21)
[2026-02-02T15:21:16.737Z] GLOBAL ERROR: SyntaxError: Expected property name or '}' in JSON at position 1 (line 1 column 2)
    at JSON.parse (<anonymous>)
    at parse (D:\Enosh\smf\server\node_modules\body-parser\lib\types\json.js:74:19)
    at D:\Enosh\smf\server\node_modules\body-parser\lib\read.js:163:18
    at AsyncResource.runInAsyncScope (node:async_hooks:214:14)
    at invokeCallback (D:\Enosh\smf\server\node_modules\raw-body\index.js:238:16)
    at done (D:\Enosh\smf\server\node_modules\raw-body\index.js:227:7)
    at IncomingMessage.onEnd (D:\Enosh\smf\server\node_modules\raw-body\index.js:287:7)
    at IncomingMessage.emit (node:events:508:28)
    at endReadableNT (node:internal/streams/readable:1701:12)
    at process.processTicksAndRejections (node:internal/process/task_queues:89:21)
